Using pre-set license
Built from '2020.2/release' branch; Version is '2020.2.2f1 (068178b99f32) revision 426360'; Using compiler version '192528614'; Build Type 'Release'
OS: 'Windows 10 Pro; OS build 19045.2251; Version 2009; 64bit' Language: 'ru' Physical Memory: 7112 MB
BatchMode: 1, IsHumanControllingUs: 0, StartBugReporterOnCrash: 0, Is64bit: 1, IsPro: 0

 COMMAND LINE ARGUMENTS:
C:\Program Files\Unity\Hub\Editor\2020.2.2f1\Editor\Unity.exe
-adb2
-batchMode
-noUpm
-name
AssetImportWorker0
-projectPath
C:/Users/Dmitry/DeepDive_Dev_180222
-logFile
Logs/AssetImportWorker0.log
-srvPort
52486
Successfully changed project path to: C:/Users/Dmitry/DeepDive_Dev_180222
C:/Users/Dmitry/DeepDive_Dev_180222
Using Asset Import Pipeline V2.
Refreshing native plugins compatible for Editor in 52.23 ms, found 1 plugins.
Preloading 0 native plugins for Editor in 0.00 ms.
Initialize engine version: 2020.2.2f1 (068178b99f32)
[Subsystems] Discovering subsystems at path C:/Program Files/Unity/Hub/Editor/2020.2.2f1/Editor/Data/Resources/UnitySubsystems
[Subsystems] Discovering subsystems at path C:/Users/Dmitry/DeepDive_Dev_180222/Assets
GfxDevice: creating device client; threaded=0
Direct3D:
    Version:  Direct3D 11.0 [level 11.1]
    Renderer: NVIDIA GeForce GTX 1050 (ID=0x1c8d)
    Vendor:   
    VRAM:     1979 MB
    Driver:   27.21.14.6231
Initialize mono
Mono path[0] = 'C:/Program Files/Unity/Hub/Editor/2020.2.2f1/Editor/Data/Managed'
Mono path[1] = 'C:/Program Files/Unity/Hub/Editor/2020.2.2f1/Editor/Data/MonoBleedingEdge/lib/mono/unityjit'
Mono config path = 'C:/Program Files/Unity/Hub/Editor/2020.2.2f1/Editor/Data/MonoBleedingEdge/etc'
Using monoOptions --debugger-agent=transport=dt_socket,embedding=1,server=y,suspend=n,address=127.0.0.1:56632
Begin MonoManager ReloadAssembly
Registering precompiled unity dll's ...
Register platform support module: C:/Program Files/Unity/Hub/Editor/2020.2.2f1/Editor/Data/PlaybackEngines/WindowsStandaloneSupport/UnityEditor.WindowsStandalone.Extensions.dll
Registered in 0.004738 seconds.
Native extension for WindowsStandalone target not found
Refreshing native plugins compatible for Editor in 45.76 ms, found 1 plugins.
Preloading 0 native plugins for Editor in 0.00 ms.
Invoked RoslynAnalysisRunner static constructor.
RoslynAnalysisRunner will not be running.
RoslynAnalysisRunner has terminated.
Mono: successfully reloaded assembly
- Completed reload, in  6.199 seconds
Platform modules already initialized, skipping
Registering precompiled user dll's ...
Registered in 0.002655 seconds.
Begin MonoManager ReloadAssembly
Native extension for WindowsStandalone target not found
Refreshing native plugins compatible for Editor in 52.43 ms, found 1 plugins.
Preloading 0 native plugins for Editor in 0.00 ms.
Invoked RoslynAnalysisRunner static constructor.
RoslynAnalysisRunner will not be running.
RoslynAnalysisRunner has terminated.
Mono: successfully reloaded assembly
- Completed reload, in  1.473 seconds
Platform modules already initialized, skipping
========================================================================
Worker process is ready to serve import requests
Launched and connected shader compiler UnityShaderCompiler.exe after 0.08 seconds
Refreshing native plugins compatible for Editor in 0.60 ms, found 1 plugins.
Preloading 0 native plugins for Editor in 0.00 ms.
Unloading 1800 Unused Serialized files (Serialized files now loaded: 0)
System memory in use before: 84.5 MB.
System memory in use after: 84.5 MB.

Unloading 24 unused Assets to reduce memory usage. Loaded Objects now: 2242.
Total: 4.424100 ms (FindLiveObjects: 0.548700 ms CreateObjectMapping: 0.187000 ms MarkObjects: 3.489900 ms  DeleteObjects: 0.196500 ms)

========================================================================
Received Import Request.
  path: Assets/Scripts/Game.cs
  artifactKey: Guid(e0fe193eab28da747b33b6dc896a6384) Importer(815301076,1909f56bfc062723c751e8b465ee728b)
Start importing Assets/Scripts/Game.cs using Guid(e0fe193eab28da747b33b6dc896a6384) Importer(815301076,1909f56bfc062723c751e8b465ee728b)  -> (artifact id: '4a323a54b837f4e587f65390b1f58b5c') in 0.040563 seconds
  Import took 0.045295 seconds .

========================================================================
Received Prepare
Registering precompiled user dll's ...
Registered in 0.001406 seconds.
Begin MonoManager ReloadAssembly
Native extension for WindowsStandalone target not found
Refreshing native plugins compatible for Editor in 0.53 ms, found 1 plugins.
Preloading 0 native plugins for Editor in 0.00 ms.
Invoked RoslynAnalysisRunner static constructor.
RoslynAnalysisRunner will not be running.
RoslynAnalysisRunner has terminated.
Mono: successfully reloaded assembly
- Completed reload, in  1.369 seconds
Platform modules already initialized, skipping
Switching build target platform(5) subTarget(0) extendedPlatform(0) -> platform(13) subTarget(537395200) extendedPlatform(0)
Refreshing native plugins compatible for Editor in 0.46 ms, found 1 plugins.
Preloading 0 native plugins for Editor in 0.00 ms.
Unloading 1798 Unused Serialized files (Serialized files now loaded: 0)
System memory in use before: 84.5 MB.
System memory in use after: 84.5 MB.

Unloading 12 unused Assets to reduce memory usage. Loaded Objects now: 2245.
Total: 2.870600 ms (FindLiveObjects: 0.331300 ms CreateObjectMapping: 0.077200 ms MarkObjects: 2.305500 ms  DeleteObjects: 0.154200 ms)

AssetImportParameters requested are different than current active one (requested -> active):
  custom:graphics/normal-map-encoding: 01000000000000000000000000000000 -> 02000000000000000000000000000000
========================================================================
Received Import Request.
  Time since last request: 362.383591 seconds.
  path: Assets/Scripts/Volume_sounds.cs
  artifactKey: Guid(eb2c73febb7817249ad5bec09ffc3df7) Importer(815301076,1909f56bfc062723c751e8b465ee728b)
Start importing Assets/Scripts/Volume_sounds.cs using Guid(eb2c73febb7817249ad5bec09ffc3df7) Importer(815301076,1909f56bfc062723c751e8b465ee728b)  -> (artifact id: '362af1e3b9bc79940e40cb0d1a98bb35') in 0.020588 seconds
  Import took 0.027652 seconds .

========================================================================
Received Import Request.
  Time since last request: 0.001198 seconds.
  path: Assets/Scripts/Volume_sounds.cs
  artifactKey: Guid(eb2c73febb7817249ad5bec09ffc3df7) Importer(815301076,1909f56bfc062723c751e8b465ee728b)
Start importing Assets/Scripts/Volume_sounds.cs using Guid(eb2c73febb7817249ad5bec09ffc3df7) Importer(815301076,1909f56bfc062723c751e8b465ee728b)  -> (artifact id: '362af1e3b9bc79940e40cb0d1a98bb35') in 0.004456 seconds
  Import took 0.010882 seconds .

========================================================================
Received Import Request.
  Time since last request: 62468.385424 seconds.
  path: Assets/Scripts/Run_fish.cs
  artifactKey: Guid(549824695cd066e4ca7d5c0887aebcfe) Importer(815301076,1909f56bfc062723c751e8b465ee728b)
Start importing Assets/Scripts/Run_fish.cs using Guid(549824695cd066e4ca7d5c0887aebcfe) Importer(815301076,1909f56bfc062723c751e8b465ee728b)  -> (artifact id: 'a3054b9eddc630710d570da74b4af973') in 0.019225 seconds
  Import took 0.113856 seconds .

========================================================================
Received Import Request.
  Time since last request: 11.344509 seconds.
  path: Assets/Scripts/Destroy.cs
  artifactKey: Guid(afa3be4edcaf78f418479919da2d4b43) Importer(815301076,1909f56bfc062723c751e8b465ee728b)
Start importing Assets/Scripts/Destroy.cs using Guid(afa3be4edcaf78f418479919da2d4b43) Importer(815301076,1909f56bfc062723c751e8b465ee728b)  -> (artifact id: '614eea3a8ca460b08f25862c79b5b6f4') in 0.021236 seconds
  Import took 0.030004 seconds .

========================================================================
Received Import Request.
  Time since last request: 0.020601 seconds.
  path: Assets/Scripts/Destroy.cs
  artifactKey: Guid(afa3be4edcaf78f418479919da2d4b43) Importer(815301076,1909f56bfc062723c751e8b465ee728b)
Start importing Assets/Scripts/Destroy.cs using Guid(afa3be4edcaf78f418479919da2d4b43) Importer(815301076,1909f56bfc062723c751e8b465ee728b)  -> (artifact id: '614eea3a8ca460b08f25862c79b5b6f4') in 0.009140 seconds
  Import took 0.016481 seconds .

AssetImportWorkerClient::OnTransportError - code=2 error=End of file
